<?xml version="1.0" encoding="UTF-8"?>
<testsuite xmlns:xsi="http://www.w3.org/2001/XMLSchema-instance" xsi:noNamespaceSchemaLocation="https://maven.apache.org/surefire/maven-surefire-plugin/xsd/surefire-test-report-3.0.xsd" version="3.0" name="GameTest" time="0.003" tests="12" errors="0" skipped="0" failures="0">
  <properties>
[...]
</properties>
  <testcase name="testStraight" classname="GameTest" time="0.001">
    <system-out><![CDATA[Après ajout de la carte 5: {5=1}
Après ajout de la carte 6: {5=1, 6=1}
Après ajout de la carte 7: {5=1, 6=1, 7=1}
Après ajout de la carte 8: {5=1, 6=1, 7=1, 8=1}
Après ajout de la carte 9: {5=1, 6=1, 7=1, 8=1, 9=1}
Après ajout de la carte 10: {10=1}
Après ajout de la carte 11: {10=1, 11=1}
Après ajout de la carte 12: {10=1, 11=1, 12=1}
Après ajout de la carte 13: {10=1, 11=1, 12=1, 13=1}
Après ajout de la carte 14: {10=1, 11=1, 12=1, 13=1, 14=1}
]]></system-out>
  </testcase>
  <testcase name="testTwoPairs" classname="GameTest" time="0">
    <system-out><![CDATA[Après ajout de la carte 5: {5=1}
Après ajout de la carte 5: {5=2}
Après ajout de la carte 8: {5=2, 8=1}
Après ajout de la carte 8: {5=2, 8=2}
Après ajout de la carte 11: {5=2, 8=2, 11=1}
Après ajout de la carte 4: {4=1}
Après ajout de la carte 4: {4=2}
Après ajout de la carte 7: {4=2, 7=1}
Après ajout de la carte 7: {4=2, 7=2}
Après ajout de la carte 10: {4=2, 7=2, 10=1}
]]></system-out>
  </testcase>
  <testcase name="testKickerWithSameCombination" classname="GameTest" time="0">
    <system-out><![CDATA[Après ajout de la carte 4: {4=1}
Après ajout de la carte 4: {4=2}
Après ajout de la carte 8: {4=2, 8=1}
Après ajout de la carte 8: {4=2, 8=2}
Après ajout de la carte 14: {4=2, 8=2, 14=1}
Après ajout de la carte 4: {4=1}
Après ajout de la carte 4: {4=2}
Après ajout de la carte 8: {4=2, 8=1}
Après ajout de la carte 8: {4=2, 8=2}
Après ajout de la carte 13: {4=2, 8=2, 13=1}
]]></system-out>
  </testcase>
  <testcase name="testFlush" classname="GameTest" time="0">
    <system-out><![CDATA[Après ajout de la carte 2: {2=1}
Après ajout de la carte 4: {2=1, 4=1}
Après ajout de la carte 6: {2=1, 4=1, 6=1}
Après ajout de la carte 8: {2=1, 4=1, 6=1, 8=1}
Après ajout de la carte 9: {2=1, 4=1, 6=1, 8=1, 9=1}
Après ajout de la carte 7: {7=1}
Après ajout de la carte 9: {7=1, 9=1}
Après ajout de la carte 10: {7=1, 9=1, 10=1}
Après ajout de la carte 11: {7=1, 9=1, 10=1, 11=1}
Après ajout de la carte 12: {7=1, 9=1, 10=1, 11=1, 12=1}
]]></system-out>
  </testcase>
  <testcase name="testPair" classname="GameTest" time="0.001">
    <system-out><![CDATA[Après ajout de la carte 4: {4=1}
Après ajout de la carte 4: {4=2}
Après ajout de la carte 6: {4=2, 6=1}
Après ajout de la carte 8: {4=2, 6=1, 8=1}
Après ajout de la carte 10: {4=2, 6=1, 8=1, 10=1}
Après ajout de la carte 2: {2=1}
Après ajout de la carte 2: {2=2}
Après ajout de la carte 5: {2=2, 5=1}
Après ajout de la carte 7: {2=2, 5=1, 7=1}
Après ajout de la carte 9: {2=2, 5=1, 7=1, 9=1}
]]></system-out>
  </testcase>
  <testcase name="testFullHouse" classname="GameTest" time="0">
    <system-out><![CDATA[Après ajout de la carte 3: {3=1}
Après ajout de la carte 3: {3=2}
Après ajout de la carte 3: {3=3}
Après ajout de la carte 2: {2=1, 3=3}
Après ajout de la carte 2: {2=2, 3=3}
Après ajout de la carte 6: {6=1}
Après ajout de la carte 6: {6=2}
Après ajout de la carte 6: {6=3}
Après ajout de la carte 4: {4=1, 6=3}
Après ajout de la carte 4: {4=2, 6=3}
]]></system-out>
  </testcase>
  <testcase name="testHighCard" classname="GameTest" time="0">
    <system-out><![CDATA[Après ajout de la carte 2: {2=1}
Après ajout de la carte 3: {2=1, 3=1}
Après ajout de la carte 5: {2=1, 3=1, 5=1}
Après ajout de la carte 9: {2=1, 3=1, 5=1, 9=1}
Après ajout de la carte 7: {2=1, 3=1, 5=1, 7=1, 9=1}
Après ajout de la carte 2: {2=1}
Après ajout de la carte 3: {2=1, 3=1}
Après ajout de la carte 4: {2=1, 3=1, 4=1}
Après ajout de la carte 8: {2=1, 3=1, 4=1, 8=1}
Après ajout de la carte 6: {2=1, 3=1, 4=1, 6=1, 8=1}
]]></system-out>
  </testcase>
  <testcase name="testStraightFlush" classname="GameTest" time="0">
    <system-out><![CDATA[Après ajout de la carte 5: {5=1}
Après ajout de la carte 6: {5=1, 6=1}
Après ajout de la carte 7: {5=1, 6=1, 7=1}
Après ajout de la carte 8: {5=1, 6=1, 7=1, 8=1}
Après ajout de la carte 9: {5=1, 6=1, 7=1, 8=1, 9=1}
Après ajout de la carte 9: {9=1}
Après ajout de la carte 10: {9=1, 10=1}
Après ajout de la carte 11: {9=1, 10=1, 11=1}
Après ajout de la carte 12: {9=1, 10=1, 11=1, 12=1}
Après ajout de la carte 13: {9=1, 10=1, 11=1, 12=1, 13=1}
]]></system-out>
  </testcase>
  <testcase name="gameWinnerTest" classname="GameTest" time="0"/>
  <testcase name="testFourOf" classname="GameTest" time="0.001">
    <system-out><![CDATA[Après ajout de la carte 4: {4=1}
Après ajout de la carte 4: {4=2}
Après ajout de la carte 4: {4=3}
Après ajout de la carte 4: {4=4}
Après ajout de la carte 9: {4=4, 9=1}
Après ajout de la carte 7: {7=1}
Après ajout de la carte 7: {7=2}
Après ajout de la carte 7: {7=3}
Après ajout de la carte 7: {7=4}
Après ajout de la carte 5: {5=1, 7=4}
]]></system-out>
  </testcase>
  <testcase name="testWinnerWithDifferentCombinations" classname="GameTest" time="0"/>
  <testcase name="testThreeOfAKind" classname="GameTest" time="0">
    <system-out><![CDATA[Après ajout de la carte 6: {6=1}
Après ajout de la carte 6: {6=2}
Après ajout de la carte 6: {6=3}
Après ajout de la carte 2: {2=1, 6=3}
Après ajout de la carte 9: {2=1, 6=3, 9=1}
Après ajout de la carte 4: {4=1}
Après ajout de la carte 4: {4=2}
Après ajout de la carte 4: {4=3}
Après ajout de la carte 3: {3=1, 4=3}
Après ajout de la carte 8: {3=1, 4=3, 8=1}
]]></system-out>
  </testcase>
</testsuite>