<?xml version="1.0" encoding="UTF-8"?>
<testsuite xmlns:xsi="http://www.w3.org/2001/XMLSchema-instance" xsi:noNamespaceSchemaLocation="https://maven.apache.org/surefire/maven-surefire-plugin/xsd/surefire-test-report-3.0.xsd" version="3.0" name="HandTest" time="0" tests="10" errors="0" skipped="0" failures="0">
  <properties>
[...]
</properties>
  <testcase name="testStraight" classname="HandTest" time="0"/>
  <testcase name="testTwoPairs" classname="HandTest" time="0"/>
  <testcase name="handInitializationTest" classname="HandTest" time="0"/>
  <testcase name="testFlush" classname="HandTest" time="0"/>
  <testcase name="testFull" classname="HandTest" time="0"/>
  <testcase name="testPair" classname="HandTest" time="0"/>
  <testcase name="testHighCard" classname="HandTest" time="0"/>
  <testcase name="testStraightFlush" classname="HandTest" time="0"/>
  <testcase name="testBrelan" classname="HandTest" time="0"/>
  <testcase name="testFourOf" classname="HandTest" time="0"/>
</testsuite>